[2023-12-02 10:19:24] local.ERROR: Class "Database\Seeders\Category" not found {"exception":"[object] (Error(code: 0): Class \"Database\\Seeders\\Category\" not found at D:\\HocTap\\Php-nc\\DA_Mon_Hoc\\Bookstore-master\\database\\seeders\\BookSeeder.php:15)
[stacktrace]
#0 D:\\HocTap\\Php-nc\\DA_Mon_Hoc\\Bookstore-master\\vendor\\laravel\\framework\\src\\Illuminate\\Container\\BoundMethod.php(36): Database\\Seeders\\BookSeeder->run()
#1 D:\\HocTap\\Php-nc\\DA_Mon_Hoc\\Bookstore-master\\vendor\\laravel\\framework\\src\\Illuminate\\Container\\Util.php(41): Illuminate\\Container\\BoundMethod::Illuminate\\Container\\{closure}()
#2 D:\\HocTap\\Php-nc\\DA_Mon_Hoc\\Bookstore-master\\vendor\\laravel\\framework\\src\\Illuminate\\Container\\BoundMethod.php(93): Illuminate\\Container\\Util::unwrapIfClosure(Object(Closure))
#3 D:\\HocTap\\Php-nc\\DA_Mon_Hoc\\Bookstore-master\\vendor\\laravel\\framework\\src\\Illuminate\\Container\\BoundMethod.php(35): Illuminate\\Container\\BoundMethod::callBoundMethod(Object(Illuminate\\Foundation\\Application), Array, Object(Closure))
#4 D:\\HocTap\\Php-nc\\DA_Mon_Hoc\\Bookstore-master\\vendor\\laravel\\framework\\src\\Illuminate\\Container\\Container.php(662): Illuminate\\Container\\BoundMethod::call(Object(Illuminate\\Foundation\\Application), Array, Array, NULL)
#5 D:\\HocTap\\Php-nc\\DA_Mon_Hoc\\Bookstore-master\\vendor\\laravel\\framework\\src\\Illuminate\\Database\\Seeder.php(184): Illuminate\\Container\\Container->call(Array, Array)
#6 D:\\HocTap\\Php-nc\\DA_Mon_Hoc\\Bookstore-master\\vendor\\laravel\\framework\\src\\Illuminate\\Database\\Seeder.php(193): Illuminate\\Database\\Seeder->Illuminate\\Database\\{closure}()
#7 D:\\HocTap\\Php-nc\\DA_Mon_Hoc\\Bookstore-master\\vendor\\laravel\\framework\\src\\Illuminate\\Database\\Seeder.php(61): Illuminate\\Database\\Seeder->__invoke(Array)
#8 D:\\HocTap\\Php-nc\\DA_Mon_Hoc\\Bookstore-master\\database\\seeders\\DatabaseSeeder.php(62): Illuminate\\Database\\Seeder->call('Database\\\\Seeder...')
#9 D:\\HocTap\\Php-nc\\DA_Mon_Hoc\\Bookstore-master\\vendor\\laravel\\framework\\src\\Illuminate\\Container\\BoundMethod.php(36): Database\\Seeders\\DatabaseSeeder->run()
#10 D:\\HocTap\\Php-nc\\DA_Mon_Hoc\\Bookstore-master\\vendor\\laravel\\framework\\src\\Illuminate\\Container\\Util.php(41): Illuminate\\Container\\BoundMethod::Illuminate\\Container\\{closure}()
#11 D:\\HocTap\\Php-nc\\DA_Mon_Hoc\\Bookstore-master\\vendor\\laravel\\framework\\src\\Illuminate\\Container\\BoundMethod.php(93): Illuminate\\Container\\Util::unwrapIfClosure(Object(Closure))
#12 D:\\HocTap\\Php-nc\\DA_Mon_Hoc\\Bookstore-master\\vendor\\laravel\\framework\\src\\Illuminate\\Container\\BoundMethod.php(35): Illuminate\\Container\\BoundMethod::callBoundMethod(Object(Illuminate\\Foundation\\Application), Array, Object(Closure))
#13 D:\\HocTap\\Php-nc\\DA_Mon_Hoc\\Bookstore-master\\vendor\\laravel\\framework\\src\\Illuminate\\Container\\Container.php(662): Illuminate\\Container\\BoundMethod::call(Object(Illuminate\\Foundation\\Application), Array, Array, NULL)
#14 D:\\HocTap\\Php-nc\\DA_Mon_Hoc\\Bookstore-master\\vendor\\laravel\\framework\\src\\Illuminate\\Database\\Seeder.php(184): Illuminate\\Container\\Container->call(Array, Array)
#15 D:\\HocTap\\Php-nc\\DA_Mon_Hoc\\Bookstore-master\\vendor\\laravel\\framework\\src\\Illuminate\\Database\\Seeder.php(193): Illuminate\\Database\\Seeder->Illuminate\\Database\\{closure}()
#16 D:\\HocTap\\Php-nc\\DA_Mon_Hoc\\Bookstore-master\\vendor\\laravel\\framework\\src\\Illuminate\\Database\\Console\\Seeds\\SeedCommand.php(70): Illuminate\\Database\\Seeder->__invoke()
#17 D:\\HocTap\\Php-nc\\DA_Mon_Hoc\\Bookstore-master\\vendor\\laravel\\framework\\src\\Illuminate\\Database\\Eloquent\\Concerns\\GuardsAttributes.php(155): Illuminate\\Database\\Console\\Seeds\\SeedCommand->Illuminate\\Database\\Console\\Seeds\\{closure}()
#18 D:\\HocTap\\Php-nc\\DA_Mon_Hoc\\Bookstore-master\\vendor\\laravel\\framework\\src\\Illuminate\\Database\\Console\\Seeds\\SeedCommand.php(69): Illuminate\\Database\\Eloquent\\Model::unguarded(Object(Closure))
#19 D:\\HocTap\\Php-nc\\DA_Mon_Hoc\\Bookstore-master\\vendor\\laravel\\framework\\src\\Illuminate\\Container\\BoundMethod.php(36): Illuminate\\Database\\Console\\Seeds\\SeedCommand->handle()
#20 D:\\HocTap\\Php-nc\\DA_Mon_Hoc\\Bookstore-master\\vendor\\laravel\\framework\\src\\Illuminate\\Container\\Util.php(41): Illuminate\\Container\\BoundMethod::Illuminate\\Container\\{closure}()
#21 D:\\HocTap\\Php-nc\\DA_Mon_Hoc\\Bookstore-master\\vendor\\laravel\\framework\\src\\Illuminate\\Container\\BoundMethod.php(93): Illuminate\\Container\\Util::unwrapIfClosure(Object(Closure))
#22 D:\\HocTap\\Php-nc\\DA_Mon_Hoc\\Bookstore-master\\vendor\\laravel\\framework\\src\\Illuminate\\Container\\BoundMethod.php(35): Illuminate\\Container\\BoundMethod::callBoundMethod(Object(Illuminate\\Foundation\\Application), Array, Object(Closure))
#23 D:\\HocTap\\Php-nc\\DA_Mon_Hoc\\Bookstore-master\\vendor\\laravel\\framework\\src\\Illuminate\\Container\\Container.php(662): Illuminate\\Container\\BoundMethod::call(Object(Illuminate\\Foundation\\Application), Array, Array, NULL)
#24 D:\\HocTap\\Php-nc\\DA_Mon_Hoc\\Bookstore-master\\vendor\\laravel\\framework\\src\\Illuminate\\Console\\Command.php(211): Illuminate\\Container\\Container->call(Array)
#25 D:\\HocTap\\Php-nc\\DA_Mon_Hoc\\Bookstore-master\\vendor\\symfony\\console\\Command\\Command.php(326): Illuminate\\Console\\Command->execute(Object(Symfony\\Component\\Console\\Input\\ArgvInput), Object(Illuminate\\Console\\OutputStyle))
#26 D:\\HocTap\\Php-nc\\DA_Mon_Hoc\\Bookstore-master\\vendor\\laravel\\framework\\src\\Illuminate\\Console\\Command.php(180): Symfony\\Component\\Console\\Command\\Command->run(Object(Symfony\\Component\\Console\\Input\\ArgvInput), Object(Illuminate\\Console\\OutputStyle))
#27 D:\\HocTap\\Php-nc\\DA_Mon_Hoc\\Bookstore-master\\vendor\\symfony\\console\\Application.php(1081): Illuminate\\Console\\Command->run(Object(Symfony\\Component\\Console\\Input\\ArgvInput), Object(Symfony\\Component\\Console\\Output\\ConsoleOutput))
#28 D:\\HocTap\\Php-nc\\DA_Mon_Hoc\\Bookstore-master\\vendor\\symfony\\console\\Application.php(320): Symfony\\Component\\Console\\Application->doRunCommand(Object(Illuminate\\Database\\Console\\Seeds\\SeedCommand), Object(Symfony\\Component\\Console\\Input\\ArgvInput), Object(Symfony\\Component\\Console\\Output\\ConsoleOutput))
#29 D:\\HocTap\\Php-nc\\DA_Mon_Hoc\\Bookstore-master\\vendor\\symfony\\console\\Application.php(174): Symfony\\Component\\Console\\Application->doRun(Object(Symfony\\Component\\Console\\Input\\ArgvInput), Object(Symfony\\Component\\Console\\Output\\ConsoleOutput))
#30 D:\\HocTap\\Php-nc\\DA_Mon_Hoc\\Bookstore-master\\vendor\\laravel\\framework\\src\\Illuminate\\Foundation\\Console\\Kernel.php(201): Symfony\\Component\\Console\\Application->run(Object(Symfony\\Component\\Console\\Input\\ArgvInput), Object(Symfony\\Component\\Console\\Output\\ConsoleOutput))
#31 D:\\HocTap\\Php-nc\\DA_Mon_Hoc\\Bookstore-master\\artisan(35): Illuminate\\Foundation\\Console\\Kernel->handle(Object(Symfony\\Component\\Console\\Input\\ArgvInput), Object(Symfony\\Component\\Console\\Output\\ConsoleOutput))
#32 {main}
"} 
[2023-12-02 10:20:42] local.ERROR: Class "Database\Seeders\Category" not found {"exception":"[object] (Error(code: 0): Class \"Database\\Seeders\\Category\" not found at D:\\HocTap\\Php-nc\\DA_Mon_Hoc\\Bookstore-master\\database\\seeders\\BookSeeder.php:15)
[stacktrace]
#0 D:\\HocTap\\Php-nc\\DA_Mon_Hoc\\Bookstore-master\\vendor\\laravel\\framework\\src\\Illuminate\\Container\\BoundMethod.php(36): Database\\Seeders\\BookSeeder->run()
#1 D:\\HocTap\\Php-nc\\DA_Mon_Hoc\\Bookstore-master\\vendor\\laravel\\framework\\src\\Illuminate\\Container\\Util.php(41): Illuminate\\Container\\BoundMethod::Illuminate\\Container\\{closure}()
#2 D:\\HocTap\\Php-nc\\DA_Mon_Hoc\\Bookstore-master\\vendor\\laravel\\framework\\src\\Illuminate\\Container\\BoundMethod.php(93): Illuminate\\Container\\Util::unwrapIfClosure(Object(Closure))
#3 D:\\HocTap\\Php-nc\\DA_Mon_Hoc\\Bookstore-master\\vendor\\laravel\\framework\\src\\Illuminate\\Container\\BoundMethod.php(35): Illuminate\\Container\\BoundMethod::callBoundMethod(Object(Illuminate\\Foundation\\Application), Array, Object(Closure))
#4 D:\\HocTap\\Php-nc\\DA_Mon_Hoc\\Bookstore-master\\vendor\\laravel\\framework\\src\\Illuminate\\Container\\Container.php(662): Illuminate\\Container\\BoundMethod::call(Object(Illuminate\\Foundation\\Application), Array, Array, NULL)
#5 D:\\HocTap\\Php-nc\\DA_Mon_Hoc\\Bookstore-master\\vendor\\laravel\\framework\\src\\Illuminate\\Database\\Seeder.php(184): Illuminate\\Container\\Container->call(Array, Array)
#6 D:\\HocTap\\Php-nc\\DA_Mon_Hoc\\Bookstore-master\\vendor\\laravel\\framework\\src\\Illuminate\\Database\\Seeder.php(193): Illuminate\\Database\\Seeder->Illuminate\\Database\\{closure}()
#7 D:\\HocTap\\Php-nc\\DA_Mon_Hoc\\Bookstore-master\\vendor\\laravel\\framework\\src\\Illuminate\\Database\\Seeder.php(61): Illuminate\\Database\\Seeder->__invoke(Array)
#8 D:\\HocTap\\Php-nc\\DA_Mon_Hoc\\Bookstore-master\\database\\seeders\\DatabaseSeeder.php(62): Illuminate\\Database\\Seeder->call('Database\\\\Seeder...')
#9 D:\\HocTap\\Php-nc\\DA_Mon_Hoc\\Bookstore-master\\vendor\\laravel\\framework\\src\\Illuminate\\Container\\BoundMethod.php(36): Database\\Seeders\\DatabaseSeeder->run()
#10 D:\\HocTap\\Php-nc\\DA_Mon_Hoc\\Bookstore-master\\vendor\\laravel\\framework\\src\\Illuminate\\Container\\Util.php(41): Illuminate\\Container\\BoundMethod::Illuminate\\Container\\{closure}()
#11 D:\\HocTap\\Php-nc\\DA_Mon_Hoc\\Bookstore-master\\vendor\\laravel\\framework\\src\\Illuminate\\Container\\BoundMethod.php(93): Illuminate\\Container\\Util::unwrapIfClosure(Object(Closure))
#12 D:\\HocTap\\Php-nc\\DA_Mon_Hoc\\Bookstore-master\\vendor\\laravel\\framework\\src\\Illuminate\\Container\\BoundMethod.php(35): Illuminate\\Container\\BoundMethod::callBoundMethod(Object(Illuminate\\Foundation\\Application), Array, Object(Closure))
#13 D:\\HocTap\\Php-nc\\DA_Mon_Hoc\\Bookstore-master\\vendor\\laravel\\framework\\src\\Illuminate\\Container\\Container.php(662): Illuminate\\Container\\BoundMethod::call(Object(Illuminate\\Foundation\\Application), Array, Array, NULL)
#14 D:\\HocTap\\Php-nc\\DA_Mon_Hoc\\Bookstore-master\\vendor\\laravel\\framework\\src\\Illuminate\\Database\\Seeder.php(184): Illuminate\\Container\\Container->call(Array, Array)
#15 D:\\HocTap\\Php-nc\\DA_Mon_Hoc\\Bookstore-master\\vendor\\laravel\\framework\\src\\Illuminate\\Database\\Seeder.php(193): Illuminate\\Database\\Seeder->Illuminate\\Database\\{closure}()
#16 D:\\HocTap\\Php-nc\\DA_Mon_Hoc\\Bookstore-master\\vendor\\laravel\\framework\\src\\Illuminate\\Database\\Console\\Seeds\\SeedCommand.php(70): Illuminate\\Database\\Seeder->__invoke()
#17 D:\\HocTap\\Php-nc\\DA_Mon_Hoc\\Bookstore-master\\vendor\\laravel\\framework\\src\\Illuminate\\Database\\Eloquent\\Concerns\\GuardsAttributes.php(155): Illuminate\\Database\\Console\\Seeds\\SeedCommand->Illuminate\\Database\\Console\\Seeds\\{closure}()
#18 D:\\HocTap\\Php-nc\\DA_Mon_Hoc\\Bookstore-master\\vendor\\laravel\\framework\\src\\Illuminate\\Database\\Console\\Seeds\\SeedCommand.php(69): Illuminate\\Database\\Eloquent\\Model::unguarded(Object(Closure))
#19 D:\\HocTap\\Php-nc\\DA_Mon_Hoc\\Bookstore-master\\vendor\\laravel\\framework\\src\\Illuminate\\Container\\BoundMethod.php(36): Illuminate\\Database\\Console\\Seeds\\SeedCommand->handle()
#20 D:\\HocTap\\Php-nc\\DA_Mon_Hoc\\Bookstore-master\\vendor\\laravel\\framework\\src\\Illuminate\\Container\\Util.php(41): Illuminate\\Container\\BoundMethod::Illuminate\\Container\\{closure}()
#21 D:\\HocTap\\Php-nc\\DA_Mon_Hoc\\Bookstore-master\\vendor\\laravel\\framework\\src\\Illuminate\\Container\\BoundMethod.php(93): Illuminate\\Container\\Util::unwrapIfClosure(Object(Closure))
#22 D:\\HocTap\\Php-nc\\DA_Mon_Hoc\\Bookstore-master\\vendor\\laravel\\framework\\src\\Illuminate\\Container\\BoundMethod.php(35): Illuminate\\Container\\BoundMethod::callBoundMethod(Object(Illuminate\\Foundation\\Application), Array, Object(Closure))
#23 D:\\HocTap\\Php-nc\\DA_Mon_Hoc\\Bookstore-master\\vendor\\laravel\\framework\\src\\Illuminate\\Container\\Container.php(662): Illuminate\\Container\\BoundMethod::call(Object(Illuminate\\Foundation\\Application), Array, Array, NULL)
#24 D:\\HocTap\\Php-nc\\DA_Mon_Hoc\\Bookstore-master\\vendor\\laravel\\framework\\src\\Illuminate\\Console\\Command.php(211): Illuminate\\Container\\Container->call(Array)
#25 D:\\HocTap\\Php-nc\\DA_Mon_Hoc\\Bookstore-master\\vendor\\symfony\\console\\Command\\Command.php(326): Illuminate\\Console\\Command->execute(Object(Symfony\\Component\\Console\\Input\\ArgvInput), Object(Illuminate\\Console\\OutputStyle))
#26 D:\\HocTap\\Php-nc\\DA_Mon_Hoc\\Bookstore-master\\vendor\\laravel\\framework\\src\\Illuminate\\Console\\Command.php(180): Symfony\\Component\\Console\\Command\\Command->run(Object(Symfony\\Component\\Console\\Input\\ArgvInput), Object(Illuminate\\Console\\OutputStyle))
#27 D:\\HocTap\\Php-nc\\DA_Mon_Hoc\\Bookstore-master\\vendor\\symfony\\console\\Application.php(1081): Illuminate\\Console\\Command->run(Object(Symfony\\Component\\Console\\Input\\ArgvInput), Object(Symfony\\Component\\Console\\Output\\ConsoleOutput))
#28 D:\\HocTap\\Php-nc\\DA_Mon_Hoc\\Bookstore-master\\vendor\\symfony\\console\\Application.php(320): Symfony\\Component\\Console\\Application->doRunCommand(Object(Illuminate\\Database\\Console\\Seeds\\SeedCommand), Object(Symfony\\Component\\Console\\Input\\ArgvInput), Object(Symfony\\Component\\Console\\Output\\ConsoleOutput))
#29 D:\\HocTap\\Php-nc\\DA_Mon_Hoc\\Bookstore-master\\vendor\\symfony\\console\\Application.php(174): Symfony\\Component\\Console\\Application->doRun(Object(Symfony\\Component\\Console\\Input\\ArgvInput), Object(Symfony\\Component\\Console\\Output\\ConsoleOutput))
#30 D:\\HocTap\\Php-nc\\DA_Mon_Hoc\\Bookstore-master\\vendor\\laravel\\framework\\src\\Illuminate\\Foundation\\Console\\Kernel.php(201): Symfony\\Component\\Console\\Application->run(Object(Symfony\\Component\\Console\\Input\\ArgvInput), Object(Symfony\\Component\\Console\\Output\\ConsoleOutput))
#31 D:\\HocTap\\Php-nc\\DA_Mon_Hoc\\Bookstore-master\\artisan(35): Illuminate\\Foundation\\Console\\Kernel->handle(Object(Symfony\\Component\\Console\\Input\\ArgvInput), Object(Symfony\\Component\\Console\\Output\\ConsoleOutput))
#32 {main}
"} 
[2023-12-02 10:21:37] local.ERROR: SQLSTATE[23000]: Integrity constraint violation: 1062 Duplicate entry 'ptai0866@gmail.com' for key 'users_email_unique' (Connection: mysql, SQL: insert into `users` (`address`, `created_at`, `email`, `name`, `password`, `phone`, `role`, `updated_at`) values (Bến Tre, 2023-12-02 10:21:37, ptai0866@gmail.com, taiphan, $2y$10$KUL8ZZWaM6QolCgbw8s1i.XuAV5dV5O.WExwB9HnzbO.4T1IVmKOu, 0344312253, 1, 2023-12-02 10:21:37), (Tiền Giang, 2023-12-02 10:21:37, quangnam@gmail.com, quangnam, $2y$10$ySFvdQPYXvDBxuIbp5Pc0eG5lXz4QCIY9Fwxp01x9meLQ9bBtaf4G, 0344312254, 1, 2023-12-02 10:21:37), (TP HCM, 2023-12-02 10:21:37, quocviet@gmail.com, quocviet, $2y$10$4WW6i76gi5Zl5ZqN6LfyQuDYnCqb2CFYGqk1azgV.Wrm.gQ5Rdowa, 0344312255, 1, 2023-12-02 10:21:37)) {"exception":"[object] (Illuminate\\Database\\UniqueConstraintViolationException(code: 23000): SQLSTATE[23000]: Integrity constraint violation: 1062 Duplicate entry 'ptai0866@gmail.com' for key 'users_email_unique' (Connection: mysql, SQL: insert into `users` (`address`, `created_at`, `email`, `name`, `password`, `phone`, `role`, `updated_at`) values (Bến Tre, 2023-12-02 10:21:37, ptai0866@gmail.com, taiphan, $2y$10$KUL8ZZWaM6QolCgbw8s1i.XuAV5dV5O.WExwB9HnzbO.4T1IVmKOu, 0344312253, 1, 2023-12-02 10:21:37), (Tiền Giang, 2023-12-02 10:21:37, quangnam@gmail.com, quangnam, $2y$10$ySFvdQPYXvDBxuIbp5Pc0eG5lXz4QCIY9Fwxp01x9meLQ9bBtaf4G, 0344312254, 1, 2023-12-02 10:21:37), (TP HCM, 2023-12-02 10:21:37, quocviet@gmail.com, quocviet, $2y$10$4WW6i76gi5Zl5ZqN6LfyQuDYnCqb2CFYGqk1azgV.Wrm.gQ5Rdowa, 0344312255, 1, 2023-12-02 10:21:37)) at D:\\HocTap\\Php-nc\\DA_Mon_Hoc\\Bookstore-master\\vendor\\laravel\\framework\\src\\Illuminate\\Database\\Connection.php:796)
[stacktrace]
#0 D:\\HocTap\\Php-nc\\DA_Mon_Hoc\\Bookstore-master\\vendor\\laravel\\framework\\src\\Illuminate\\Database\\Connection.php(755): Illuminate\\Database\\Connection->runQueryCallback('insert into `us...', Array, Object(Closure))
#1 D:\\HocTap\\Php-nc\\DA_Mon_Hoc\\Bookstore-master\\vendor\\laravel\\framework\\src\\Illuminate\\Database\\Connection.php(569): Illuminate\\Database\\Connection->run('insert into `us...', Array, Object(Closure))
#2 D:\\HocTap\\Php-nc\\DA_Mon_Hoc\\Bookstore-master\\vendor\\laravel\\framework\\src\\Illuminate\\Database\\Connection.php(533): Illuminate\\Database\\Connection->statement('insert into `us...', Array)
#3 D:\\HocTap\\Php-nc\\DA_Mon_Hoc\\Bookstore-master\\vendor\\laravel\\framework\\src\\Illuminate\\Database\\Query\\Builder.php(3336): Illuminate\\Database\\Connection->insert('insert into `us...', Array)
#4 D:\\HocTap\\Php-nc\\DA_Mon_Hoc\\Bookstore-master\\database\\seeders\\DatabaseSeeder.php(21): Illuminate\\Database\\Query\\Builder->insert(Array)
#5 D:\\HocTap\\Php-nc\\DA_Mon_Hoc\\Bookstore-master\\vendor\\laravel\\framework\\src\\Illuminate\\Container\\BoundMethod.php(36): Database\\Seeders\\DatabaseSeeder->run()
#6 D:\\HocTap\\Php-nc\\DA_Mon_Hoc\\Bookstore-master\\vendor\\laravel\\framework\\src\\Illuminate\\Container\\Util.php(41): Illuminate\\Container\\BoundMethod::Illuminate\\Container\\{closure}()
#7 D:\\HocTap\\Php-nc\\DA_Mon_Hoc\\Bookstore-master\\vendor\\laravel\\framework\\src\\Illuminate\\Container\\BoundMethod.php(93): Illuminate\\Container\\Util::unwrapIfClosure(Object(Closure))
#8 D:\\HocTap\\Php-nc\\DA_Mon_Hoc\\Bookstore-master\\vendor\\laravel\\framework\\src\\Illuminate\\Container\\BoundMethod.php(35): Illuminate\\Container\\BoundMethod::callBoundMethod(Object(Illuminate\\Foundation\\Application), Array, Object(Closure))
#9 D:\\HocTap\\Php-nc\\DA_Mon_Hoc\\Bookstore-master\\vendor\\laravel\\framework\\src\\Illuminate\\Container\\Container.php(662): Illuminate\\Container\\BoundMethod::call(Object(Illuminate\\Foundation\\Application), Array, Array, NULL)
#10 D:\\HocTap\\Php-nc\\DA_Mon_Hoc\\Bookstore-master\\vendor\\laravel\\framework\\src\\Illuminate\\Database\\Seeder.php(184): Illuminate\\Container\\Container->call(Array, Array)
#11 D:\\HocTap\\Php-nc\\DA_Mon_Hoc\\Bookstore-master\\vendor\\laravel\\framework\\src\\Illuminate\\Database\\Seeder.php(193): Illuminate\\Database\\Seeder->Illuminate\\Database\\{closure}()
#12 D:\\HocTap\\Php-nc\\DA_Mon_Hoc\\Bookstore-master\\vendor\\laravel\\framework\\src\\Illuminate\\Database\\Console\\Seeds\\SeedCommand.php(70): Illuminate\\Database\\Seeder->__invoke()
#13 D:\\HocTap\\Php-nc\\DA_Mon_Hoc\\Bookstore-master\\vendor\\laravel\\framework\\src\\Illuminate\\Database\\Eloquent\\Concerns\\GuardsAttributes.php(155): Illuminate\\Database\\Console\\Seeds\\SeedCommand->Illuminate\\Database\\Console\\Seeds\\{closure}()
#14 D:\\HocTap\\Php-nc\\DA_Mon_Hoc\\Bookstore-master\\vendor\\laravel\\framework\\src\\Illuminate\\Database\\Console\\Seeds\\SeedCommand.php(69): Illuminate\\Database\\Eloquent\\Model::unguarded(Object(Closure))
#15 D:\\HocTap\\Php-nc\\DA_Mon_Hoc\\Bookstore-master\\vendor\\laravel\\framework\\src\\Illuminate\\Container\\BoundMethod.php(36): Illuminate\\Database\\Console\\Seeds\\SeedCommand->handle()
#16 D:\\HocTap\\Php-nc\\DA_Mon_Hoc\\Bookstore-master\\vendor\\laravel\\framework\\src\\Illuminate\\Container\\Util.php(41): Illuminate\\Container\\BoundMethod::Illuminate\\Container\\{closure}()
#17 D:\\HocTap\\Php-nc\\DA_Mon_Hoc\\Bookstore-master\\vendor\\laravel\\framework\\src\\Illuminate\\Container\\BoundMethod.php(93): Illuminate\\Container\\Util::unwrapIfClosure(Object(Closure))
#18 D:\\HocTap\\Php-nc\\DA_Mon_Hoc\\Bookstore-master\\vendor\\laravel\\framework\\src\\Illuminate\\Container\\BoundMethod.php(35): Illuminate\\Container\\BoundMethod::callBoundMethod(Object(Illuminate\\Foundation\\Application), Array, Object(Closure))
#19 D:\\HocTap\\Php-nc\\DA_Mon_Hoc\\Bookstore-master\\vendor\\laravel\\framework\\src\\Illuminate\\Container\\Container.php(662): Illuminate\\Container\\BoundMethod::call(Object(Illuminate\\Foundation\\Application), Array, Array, NULL)
#20 D:\\HocTap\\Php-nc\\DA_Mon_Hoc\\Bookstore-master\\vendor\\laravel\\framework\\src\\Illuminate\\Console\\Command.php(211): Illuminate\\Container\\Container->call(Array)
#21 D:\\HocTap\\Php-nc\\DA_Mon_Hoc\\Bookstore-master\\vendor\\symfony\\console\\Command\\Command.php(326): Illuminate\\Console\\Command->execute(Object(Symfony\\Component\\Console\\Input\\ArgvInput), Object(Illuminate\\Console\\OutputStyle))
#22 D:\\HocTap\\Php-nc\\DA_Mon_Hoc\\Bookstore-master\\vendor\\laravel\\framework\\src\\Illuminate\\Console\\Command.php(180): Symfony\\Component\\Console\\Command\\Command->run(Object(Symfony\\Component\\Console\\Input\\ArgvInput), Object(Illuminate\\Console\\OutputStyle))
#23 D:\\HocTap\\Php-nc\\DA_Mon_Hoc\\Bookstore-master\\vendor\\symfony\\console\\Application.php(1081): Illuminate\\Console\\Command->run(Object(Symfony\\Component\\Console\\Input\\ArgvInput), Object(Symfony\\Component\\Console\\Output\\ConsoleOutput))
#24 D:\\HocTap\\Php-nc\\DA_Mon_Hoc\\Bookstore-master\\vendor\\symfony\\console\\Application.php(320): Symfony\\Component\\Console\\Application->doRunCommand(Object(Illuminate\\Database\\Console\\Seeds\\SeedCommand), Object(Symfony\\Component\\Console\\Input\\ArgvInput), Object(Symfony\\Component\\Console\\Output\\ConsoleOutput))
#25 D:\\HocTap\\Php-nc\\DA_Mon_Hoc\\Bookstore-master\\vendor\\symfony\\console\\Application.php(174): Symfony\\Component\\Console\\Application->doRun(Object(Symfony\\Component\\Console\\Input\\ArgvInput), Object(Symfony\\Component\\Console\\Output\\ConsoleOutput))
#26 D:\\HocTap\\Php-nc\\DA_Mon_Hoc\\Bookstore-master\\vendor\\laravel\\framework\\src\\Illuminate\\Foundation\\Console\\Kernel.php(201): Symfony\\Component\\Console\\Application->run(Object(Symfony\\Component\\Console\\Input\\ArgvInput), Object(Symfony\\Component\\Console\\Output\\ConsoleOutput))
#27 D:\\HocTap\\Php-nc\\DA_Mon_Hoc\\Bookstore-master\\artisan(35): Illuminate\\Foundation\\Console\\Kernel->handle(Object(Symfony\\Component\\Console\\Input\\ArgvInput), Object(Symfony\\Component\\Console\\Output\\ConsoleOutput))
#28 {main}

[previous exception] [object] (PDOException(code: 23000): SQLSTATE[23000]: Integrity constraint violation: 1062 Duplicate entry 'ptai0866@gmail.com' for key 'users_email_unique' at D:\\HocTap\\Php-nc\\DA_Mon_Hoc\\Bookstore-master\\vendor\\laravel\\framework\\src\\Illuminate\\Database\\Connection.php:580)
[stacktrace]
#0 D:\\HocTap\\Php-nc\\DA_Mon_Hoc\\Bookstore-master\\vendor\\laravel\\framework\\src\\Illuminate\\Database\\Connection.php(580): PDOStatement->execute()
#1 D:\\HocTap\\Php-nc\\DA_Mon_Hoc\\Bookstore-master\\vendor\\laravel\\framework\\src\\Illuminate\\Database\\Connection.php(788): Illuminate\\Database\\Connection->Illuminate\\Database\\{closure}('insert into `us...', Array)
#2 D:\\HocTap\\Php-nc\\DA_Mon_Hoc\\Bookstore-master\\vendor\\laravel\\framework\\src\\Illuminate\\Database\\Connection.php(755): Illuminate\\Database\\Connection->runQueryCallback('insert into `us...', Array, Object(Closure))
#3 D:\\HocTap\\Php-nc\\DA_Mon_Hoc\\Bookstore-master\\vendor\\laravel\\framework\\src\\Illuminate\\Database\\Connection.php(569): Illuminate\\Database\\Connection->run('insert into `us...', Array, Object(Closure))
#4 D:\\HocTap\\Php-nc\\DA_Mon_Hoc\\Bookstore-master\\vendor\\laravel\\framework\\src\\Illuminate\\Database\\Connection.php(533): Illuminate\\Database\\Connection->statement('insert into `us...', Array)
#5 D:\\HocTap\\Php-nc\\DA_Mon_Hoc\\Bookstore-master\\vendor\\laravel\\framework\\src\\Illuminate\\Database\\Query\\Builder.php(3336): Illuminate\\Database\\Connection->insert('insert into `us...', Array)
#6 D:\\HocTap\\Php-nc\\DA_Mon_Hoc\\Bookstore-master\\database\\seeders\\DatabaseSeeder.php(21): Illuminate\\Database\\Query\\Builder->insert(Array)
#7 D:\\HocTap\\Php-nc\\DA_Mon_Hoc\\Bookstore-master\\vendor\\laravel\\framework\\src\\Illuminate\\Container\\BoundMethod.php(36): Database\\Seeders\\DatabaseSeeder->run()
#8 D:\\HocTap\\Php-nc\\DA_Mon_Hoc\\Bookstore-master\\vendor\\laravel\\framework\\src\\Illuminate\\Container\\Util.php(41): Illuminate\\Container\\BoundMethod::Illuminate\\Container\\{closure}()
#9 D:\\HocTap\\Php-nc\\DA_Mon_Hoc\\Bookstore-master\\vendor\\laravel\\framework\\src\\Illuminate\\Container\\BoundMethod.php(93): Illuminate\\Container\\Util::unwrapIfClosure(Object(Closure))
#10 D:\\HocTap\\Php-nc\\DA_Mon_Hoc\\Bookstore-master\\vendor\\laravel\\framework\\src\\Illuminate\\Container\\BoundMethod.php(35): Illuminate\\Container\\BoundMethod::callBoundMethod(Object(Illuminate\\Foundation\\Application), Array, Object(Closure))
#11 D:\\HocTap\\Php-nc\\DA_Mon_Hoc\\Bookstore-master\\vendor\\laravel\\framework\\src\\Illuminate\\Container\\Container.php(662): Illuminate\\Container\\BoundMethod::call(Object(Illuminate\\Foundation\\Application), Array, Array, NULL)
#12 D:\\HocTap\\Php-nc\\DA_Mon_Hoc\\Bookstore-master\\vendor\\laravel\\framework\\src\\Illuminate\\Database\\Seeder.php(184): Illuminate\\Container\\Container->call(Array, Array)
#13 D:\\HocTap\\Php-nc\\DA_Mon_Hoc\\Bookstore-master\\vendor\\laravel\\framework\\src\\Illuminate\\Database\\Seeder.php(193): Illuminate\\Database\\Seeder->Illuminate\\Database\\{closure}()
#14 D:\\HocTap\\Php-nc\\DA_Mon_Hoc\\Bookstore-master\\vendor\\laravel\\framework\\src\\Illuminate\\Database\\Console\\Seeds\\SeedCommand.php(70): Illuminate\\Database\\Seeder->__invoke()
#15 D:\\HocTap\\Php-nc\\DA_Mon_Hoc\\Bookstore-master\\vendor\\laravel\\framework\\src\\Illuminate\\Database\\Eloquent\\Concerns\\GuardsAttributes.php(155): Illuminate\\Database\\Console\\Seeds\\SeedCommand->Illuminate\\Database\\Console\\Seeds\\{closure}()
#16 D:\\HocTap\\Php-nc\\DA_Mon_Hoc\\Bookstore-master\\vendor\\laravel\\framework\\src\\Illuminate\\Database\\Console\\Seeds\\SeedCommand.php(69): Illuminate\\Database\\Eloquent\\Model::unguarded(Object(Closure))
#17 D:\\HocTap\\Php-nc\\DA_Mon_Hoc\\Bookstore-master\\vendor\\laravel\\framework\\src\\Illuminate\\Container\\BoundMethod.php(36): Illuminate\\Database\\Console\\Seeds\\SeedCommand->handle()
#18 D:\\HocTap\\Php-nc\\DA_Mon_Hoc\\Bookstore-master\\vendor\\laravel\\framework\\src\\Illuminate\\Container\\Util.php(41): Illuminate\\Container\\BoundMethod::Illuminate\\Container\\{closure}()
#19 D:\\HocTap\\Php-nc\\DA_Mon_Hoc\\Bookstore-master\\vendor\\laravel\\framework\\src\\Illuminate\\Container\\BoundMethod.php(93): Illuminate\\Container\\Util::unwrapIfClosure(Object(Closure))
#20 D:\\HocTap\\Php-nc\\DA_Mon_Hoc\\Bookstore-master\\vendor\\laravel\\framework\\src\\Illuminate\\Container\\BoundMethod.php(35): Illuminate\\Container\\BoundMethod::callBoundMethod(Object(Illuminate\\Foundation\\Application), Array, Object(Closure))
#21 D:\\HocTap\\Php-nc\\DA_Mon_Hoc\\Bookstore-master\\vendor\\laravel\\framework\\src\\Illuminate\\Container\\Container.php(662): Illuminate\\Container\\BoundMethod::call(Object(Illuminate\\Foundation\\Application), Array, Array, NULL)
#22 D:\\HocTap\\Php-nc\\DA_Mon_Hoc\\Bookstore-master\\vendor\\laravel\\framework\\src\\Illuminate\\Console\\Command.php(211): Illuminate\\Container\\Container->call(Array)
#23 D:\\HocTap\\Php-nc\\DA_Mon_Hoc\\Bookstore-master\\vendor\\symfony\\console\\Command\\Command.php(326): Illuminate\\Console\\Command->execute(Object(Symfony\\Component\\Console\\Input\\ArgvInput), Object(Illuminate\\Console\\OutputStyle))
#24 D:\\HocTap\\Php-nc\\DA_Mon_Hoc\\Bookstore-master\\vendor\\laravel\\framework\\src\\Illuminate\\Console\\Command.php(180): Symfony\\Component\\Console\\Command\\Command->run(Object(Symfony\\Component\\Console\\Input\\ArgvInput), Object(Illuminate\\Console\\OutputStyle))
#25 D:\\HocTap\\Php-nc\\DA_Mon_Hoc\\Bookstore-master\\vendor\\symfony\\console\\Application.php(1081): Illuminate\\Console\\Command->run(Object(Symfony\\Component\\Console\\Input\\ArgvInput), Object(Symfony\\Component\\Console\\Output\\ConsoleOutput))
#26 D:\\HocTap\\Php-nc\\DA_Mon_Hoc\\Bookstore-master\\vendor\\symfony\\console\\Application.php(320): Symfony\\Component\\Console\\Application->doRunCommand(Object(Illuminate\\Database\\Console\\Seeds\\SeedCommand), Object(Symfony\\Component\\Console\\Input\\ArgvInput), Object(Symfony\\Component\\Console\\Output\\ConsoleOutput))
#27 D:\\HocTap\\Php-nc\\DA_Mon_Hoc\\Bookstore-master\\vendor\\symfony\\console\\Application.php(174): Symfony\\Component\\Console\\Application->doRun(Object(Symfony\\Component\\Console\\Input\\ArgvInput), Object(Symfony\\Component\\Console\\Output\\ConsoleOutput))
#28 D:\\HocTap\\Php-nc\\DA_Mon_Hoc\\Bookstore-master\\vendor\\laravel\\framework\\src\\Illuminate\\Foundation\\Console\\Kernel.php(201): Symfony\\Component\\Console\\Application->run(Object(Symfony\\Component\\Console\\Input\\ArgvInput), Object(Symfony\\Component\\Console\\Output\\ConsoleOutput))
#29 D:\\HocTap\\Php-nc\\DA_Mon_Hoc\\Bookstore-master\\artisan(35): Illuminate\\Foundation\\Console\\Kernel->handle(Object(Symfony\\Component\\Console\\Input\\ArgvInput), Object(Symfony\\Component\\Console\\Output\\ConsoleOutput))
#30 {main}
"} 
[2023-12-02 10:21:56] local.ERROR: Class "Database\Seeders\Category" not found {"exception":"[object] (Error(code: 0): Class \"Database\\Seeders\\Category\" not found at D:\\HocTap\\Php-nc\\DA_Mon_Hoc\\Bookstore-master\\database\\seeders\\BookSeeder.php:15)
[stacktrace]
#0 D:\\HocTap\\Php-nc\\DA_Mon_Hoc\\Bookstore-master\\vendor\\laravel\\framework\\src\\Illuminate\\Container\\BoundMethod.php(36): Database\\Seeders\\BookSeeder->run()
#1 D:\\HocTap\\Php-nc\\DA_Mon_Hoc\\Bookstore-master\\vendor\\laravel\\framework\\src\\Illuminate\\Container\\Util.php(41): Illuminate\\Container\\BoundMethod::Illuminate\\Container\\{closure}()
#2 D:\\HocTap\\Php-nc\\DA_Mon_Hoc\\Bookstore-master\\vendor\\laravel\\framework\\src\\Illuminate\\Container\\BoundMethod.php(93): Illuminate\\Container\\Util::unwrapIfClosure(Object(Closure))
#3 D:\\HocTap\\Php-nc\\DA_Mon_Hoc\\Bookstore-master\\vendor\\laravel\\framework\\src\\Illuminate\\Container\\BoundMethod.php(35): Illuminate\\Container\\BoundMethod::callBoundMethod(Object(Illuminate\\Foundation\\Application), Array, Object(Closure))
#4 D:\\HocTap\\Php-nc\\DA_Mon_Hoc\\Bookstore-master\\vendor\\laravel\\framework\\src\\Illuminate\\Container\\Container.php(662): Illuminate\\Container\\BoundMethod::call(Object(Illuminate\\Foundation\\Application), Array, Array, NULL)
#5 D:\\HocTap\\Php-nc\\DA_Mon_Hoc\\Bookstore-master\\vendor\\laravel\\framework\\src\\Illuminate\\Database\\Seeder.php(184): Illuminate\\Container\\Container->call(Array, Array)
#6 D:\\HocTap\\Php-nc\\DA_Mon_Hoc\\Bookstore-master\\vendor\\laravel\\framework\\src\\Illuminate\\Database\\Seeder.php(193): Illuminate\\Database\\Seeder->Illuminate\\Database\\{closure}()
#7 D:\\HocTap\\Php-nc\\DA_Mon_Hoc\\Bookstore-master\\vendor\\laravel\\framework\\src\\Illuminate\\Database\\Seeder.php(61): Illuminate\\Database\\Seeder->__invoke(Array)
#8 D:\\HocTap\\Php-nc\\DA_Mon_Hoc\\Bookstore-master\\database\\seeders\\DatabaseSeeder.php(62): Illuminate\\Database\\Seeder->call('Database\\\\Seeder...')
#9 D:\\HocTap\\Php-nc\\DA_Mon_Hoc\\Bookstore-master\\vendor\\laravel\\framework\\src\\Illuminate\\Container\\BoundMethod.php(36): Database\\Seeders\\DatabaseSeeder->run()
#10 D:\\HocTap\\Php-nc\\DA_Mon_Hoc\\Bookstore-master\\vendor\\laravel\\framework\\src\\Illuminate\\Container\\Util.php(41): Illuminate\\Container\\BoundMethod::Illuminate\\Container\\{closure}()
#11 D:\\HocTap\\Php-nc\\DA_Mon_Hoc\\Bookstore-master\\vendor\\laravel\\framework\\src\\Illuminate\\Container\\BoundMethod.php(93): Illuminate\\Container\\Util::unwrapIfClosure(Object(Closure))
#12 D:\\HocTap\\Php-nc\\DA_Mon_Hoc\\Bookstore-master\\vendor\\laravel\\framework\\src\\Illuminate\\Container\\BoundMethod.php(35): Illuminate\\Container\\BoundMethod::callBoundMethod(Object(Illuminate\\Foundation\\Application), Array, Object(Closure))
#13 D:\\HocTap\\Php-nc\\DA_Mon_Hoc\\Bookstore-master\\vendor\\laravel\\framework\\src\\Illuminate\\Container\\Container.php(662): Illuminate\\Container\\BoundMethod::call(Object(Illuminate\\Foundation\\Application), Array, Array, NULL)
#14 D:\\HocTap\\Php-nc\\DA_Mon_Hoc\\Bookstore-master\\vendor\\laravel\\framework\\src\\Illuminate\\Database\\Seeder.php(184): Illuminate\\Container\\Container->call(Array, Array)
#15 D:\\HocTap\\Php-nc\\DA_Mon_Hoc\\Bookstore-master\\vendor\\laravel\\framework\\src\\Illuminate\\Database\\Seeder.php(193): Illuminate\\Database\\Seeder->Illuminate\\Database\\{closure}()
#16 D:\\HocTap\\Php-nc\\DA_Mon_Hoc\\Bookstore-master\\vendor\\laravel\\framework\\src\\Illuminate\\Database\\Console\\Seeds\\SeedCommand.php(70): Illuminate\\Database\\Seeder->__invoke()
#17 D:\\HocTap\\Php-nc\\DA_Mon_Hoc\\Bookstore-master\\vendor\\laravel\\framework\\src\\Illuminate\\Database\\Eloquent\\Concerns\\GuardsAttributes.php(155): Illuminate\\Database\\Console\\Seeds\\SeedCommand->Illuminate\\Database\\Console\\Seeds\\{closure}()
#18 D:\\HocTap\\Php-nc\\DA_Mon_Hoc\\Bookstore-master\\vendor\\laravel\\framework\\src\\Illuminate\\Database\\Console\\Seeds\\SeedCommand.php(69): Illuminate\\Database\\Eloquent\\Model::unguarded(Object(Closure))
#19 D:\\HocTap\\Php-nc\\DA_Mon_Hoc\\Bookstore-master\\vendor\\laravel\\framework\\src\\Illuminate\\Container\\BoundMethod.php(36): Illuminate\\Database\\Console\\Seeds\\SeedCommand->handle()
#20 D:\\HocTap\\Php-nc\\DA_Mon_Hoc\\Bookstore-master\\vendor\\laravel\\framework\\src\\Illuminate\\Container\\Util.php(41): Illuminate\\Container\\BoundMethod::Illuminate\\Container\\{closure}()
#21 D:\\HocTap\\Php-nc\\DA_Mon_Hoc\\Bookstore-master\\vendor\\laravel\\framework\\src\\Illuminate\\Container\\BoundMethod.php(93): Illuminate\\Container\\Util::unwrapIfClosure(Object(Closure))
#22 D:\\HocTap\\Php-nc\\DA_Mon_Hoc\\Bookstore-master\\vendor\\laravel\\framework\\src\\Illuminate\\Container\\BoundMethod.php(35): Illuminate\\Container\\BoundMethod::callBoundMethod(Object(Illuminate\\Foundation\\Application), Array, Object(Closure))
#23 D:\\HocTap\\Php-nc\\DA_Mon_Hoc\\Bookstore-master\\vendor\\laravel\\framework\\src\\Illuminate\\Container\\Container.php(662): Illuminate\\Container\\BoundMethod::call(Object(Illuminate\\Foundation\\Application), Array, Array, NULL)
#24 D:\\HocTap\\Php-nc\\DA_Mon_Hoc\\Bookstore-master\\vendor\\laravel\\framework\\src\\Illuminate\\Console\\Command.php(211): Illuminate\\Container\\Container->call(Array)
#25 D:\\HocTap\\Php-nc\\DA_Mon_Hoc\\Bookstore-master\\vendor\\symfony\\console\\Command\\Command.php(326): Illuminate\\Console\\Command->execute(Object(Symfony\\Component\\Console\\Input\\ArgvInput), Object(Illuminate\\Console\\OutputStyle))
#26 D:\\HocTap\\Php-nc\\DA_Mon_Hoc\\Bookstore-master\\vendor\\laravel\\framework\\src\\Illuminate\\Console\\Command.php(180): Symfony\\Component\\Console\\Command\\Command->run(Object(Symfony\\Component\\Console\\Input\\ArgvInput), Object(Illuminate\\Console\\OutputStyle))
#27 D:\\HocTap\\Php-nc\\DA_Mon_Hoc\\Bookstore-master\\vendor\\symfony\\console\\Application.php(1081): Illuminate\\Console\\Command->run(Object(Symfony\\Component\\Console\\Input\\ArgvInput), Object(Symfony\\Component\\Console\\Output\\ConsoleOutput))
#28 D:\\HocTap\\Php-nc\\DA_Mon_Hoc\\Bookstore-master\\vendor\\symfony\\console\\Application.php(320): Symfony\\Component\\Console\\Application->doRunCommand(Object(Illuminate\\Database\\Console\\Seeds\\SeedCommand), Object(Symfony\\Component\\Console\\Input\\ArgvInput), Object(Symfony\\Component\\Console\\Output\\ConsoleOutput))
#29 D:\\HocTap\\Php-nc\\DA_Mon_Hoc\\Bookstore-master\\vendor\\symfony\\console\\Application.php(174): Symfony\\Component\\Console\\Application->doRun(Object(Symfony\\Component\\Console\\Input\\ArgvInput), Object(Symfony\\Component\\Console\\Output\\ConsoleOutput))
#30 D:\\HocTap\\Php-nc\\DA_Mon_Hoc\\Bookstore-master\\vendor\\laravel\\framework\\src\\Illuminate\\Foundation\\Console\\Kernel.php(201): Symfony\\Component\\Console\\Application->run(Object(Symfony\\Component\\Console\\Input\\ArgvInput), Object(Symfony\\Component\\Console\\Output\\ConsoleOutput))
#31 D:\\HocTap\\Php-nc\\DA_Mon_Hoc\\Bookstore-master\\artisan(35): Illuminate\\Foundation\\Console\\Kernel->handle(Object(Symfony\\Component\\Console\\Input\\ArgvInput), Object(Symfony\\Component\\Console\\Output\\ConsoleOutput))
#32 {main}
"} 
[2023-12-02 10:22:55] local.ERROR: Class "Database\Seeders\Category" not found {"exception":"[object] (Error(code: 0): Class \"Database\\Seeders\\Category\" not found at D:\\HocTap\\Php-nc\\DA_Mon_Hoc\\Bookstore-master\\database\\seeders\\BookSeeder.php:15)
[stacktrace]
#0 D:\\HocTap\\Php-nc\\DA_Mon_Hoc\\Bookstore-master\\vendor\\laravel\\framework\\src\\Illuminate\\Container\\BoundMethod.php(36): Database\\Seeders\\BookSeeder->run()
#1 D:\\HocTap\\Php-nc\\DA_Mon_Hoc\\Bookstore-master\\vendor\\laravel\\framework\\src\\Illuminate\\Container\\Util.php(41): Illuminate\\Container\\BoundMethod::Illuminate\\Container\\{closure}()
#2 D:\\HocTap\\Php-nc\\DA_Mon_Hoc\\Bookstore-master\\vendor\\laravel\\framework\\src\\Illuminate\\Container\\BoundMethod.php(93): Illuminate\\Container\\Util::unwrapIfClosure(Object(Closure))
#3 D:\\HocTap\\Php-nc\\DA_Mon_Hoc\\Bookstore-master\\vendor\\laravel\\framework\\src\\Illuminate\\Container\\BoundMethod.php(35): Illuminate\\Container\\BoundMethod::callBoundMethod(Object(Illuminate\\Foundation\\Application), Array, Object(Closure))
#4 D:\\HocTap\\Php-nc\\DA_Mon_Hoc\\Bookstore-master\\vendor\\laravel\\framework\\src\\Illuminate\\Container\\Container.php(662): Illuminate\\Container\\BoundMethod::call(Object(Illuminate\\Foundation\\Application), Array, Array, NULL)
#5 D:\\HocTap\\Php-nc\\DA_Mon_Hoc\\Bookstore-master\\vendor\\laravel\\framework\\src\\Illuminate\\Database\\Seeder.php(184): Illuminate\\Container\\Container->call(Array, Array)
#6 D:\\HocTap\\Php-nc\\DA_Mon_Hoc\\Bookstore-master\\vendor\\laravel\\framework\\src\\Illuminate\\Database\\Seeder.php(193): Illuminate\\Database\\Seeder->Illuminate\\Database\\{closure}()
#7 D:\\HocTap\\Php-nc\\DA_Mon_Hoc\\Bookstore-master\\vendor\\laravel\\framework\\src\\Illuminate\\Database\\Seeder.php(61): Illuminate\\Database\\Seeder->__invoke(Array)
#8 D:\\HocTap\\Php-nc\\DA_Mon_Hoc\\Bookstore-master\\database\\seeders\\DatabaseSeeder.php(62): Illuminate\\Database\\Seeder->call('Database\\\\Seeder...')
#9 D:\\HocTap\\Php-nc\\DA_Mon_Hoc\\Bookstore-master\\vendor\\laravel\\framework\\src\\Illuminate\\Container\\BoundMethod.php(36): Database\\Seeders\\DatabaseSeeder->run()
#10 D:\\HocTap\\Php-nc\\DA_Mon_Hoc\\Bookstore-master\\vendor\\laravel\\framework\\src\\Illuminate\\Container\\Util.php(41): Illuminate\\Container\\BoundMethod::Illuminate\\Container\\{closure}()
#11 D:\\HocTap\\Php-nc\\DA_Mon_Hoc\\Bookstore-master\\vendor\\laravel\\framework\\src\\Illuminate\\Container\\BoundMethod.php(93): Illuminate\\Container\\Util::unwrapIfClosure(Object(Closure))
#12 D:\\HocTap\\Php-nc\\DA_Mon_Hoc\\Bookstore-master\\vendor\\laravel\\framework\\src\\Illuminate\\Container\\BoundMethod.php(35): Illuminate\\Container\\BoundMethod::callBoundMethod(Object(Illuminate\\Foundation\\Application), Array, Object(Closure))
#13 D:\\HocTap\\Php-nc\\DA_Mon_Hoc\\Bookstore-master\\vendor\\laravel\\framework\\src\\Illuminate\\Container\\Container.php(662): Illuminate\\Container\\BoundMethod::call(Object(Illuminate\\Foundation\\Application), Array, Array, NULL)
#14 D:\\HocTap\\Php-nc\\DA_Mon_Hoc\\Bookstore-master\\vendor\\laravel\\framework\\src\\Illuminate\\Database\\Seeder.php(184): Illuminate\\Container\\Container->call(Array, Array)
#15 D:\\HocTap\\Php-nc\\DA_Mon_Hoc\\Bookstore-master\\vendor\\laravel\\framework\\src\\Illuminate\\Database\\Seeder.php(193): Illuminate\\Database\\Seeder->Illuminate\\Database\\{closure}()
#16 D:\\HocTap\\Php-nc\\DA_Mon_Hoc\\Bookstore-master\\vendor\\laravel\\framework\\src\\Illuminate\\Database\\Console\\Seeds\\SeedCommand.php(70): Illuminate\\Database\\Seeder->__invoke()
#17 D:\\HocTap\\Php-nc\\DA_Mon_Hoc\\Bookstore-master\\vendor\\laravel\\framework\\src\\Illuminate\\Database\\Eloquent\\Concerns\\GuardsAttributes.php(155): Illuminate\\Database\\Console\\Seeds\\SeedCommand->Illuminate\\Database\\Console\\Seeds\\{closure}()
#18 D:\\HocTap\\Php-nc\\DA_Mon_Hoc\\Bookstore-master\\vendor\\laravel\\framework\\src\\Illuminate\\Database\\Console\\Seeds\\SeedCommand.php(69): Illuminate\\Database\\Eloquent\\Model::unguarded(Object(Closure))
#19 D:\\HocTap\\Php-nc\\DA_Mon_Hoc\\Bookstore-master\\vendor\\laravel\\framework\\src\\Illuminate\\Container\\BoundMethod.php(36): Illuminate\\Database\\Console\\Seeds\\SeedCommand->handle()
#20 D:\\HocTap\\Php-nc\\DA_Mon_Hoc\\Bookstore-master\\vendor\\laravel\\framework\\src\\Illuminate\\Container\\Util.php(41): Illuminate\\Container\\BoundMethod::Illuminate\\Container\\{closure}()
#21 D:\\HocTap\\Php-nc\\DA_Mon_Hoc\\Bookstore-master\\vendor\\laravel\\framework\\src\\Illuminate\\Container\\BoundMethod.php(93): Illuminate\\Container\\Util::unwrapIfClosure(Object(Closure))
#22 D:\\HocTap\\Php-nc\\DA_Mon_Hoc\\Bookstore-master\\vendor\\laravel\\framework\\src\\Illuminate\\Container\\BoundMethod.php(35): Illuminate\\Container\\BoundMethod::callBoundMethod(Object(Illuminate\\Foundation\\Application), Array, Object(Closure))
#23 D:\\HocTap\\Php-nc\\DA_Mon_Hoc\\Bookstore-master\\vendor\\laravel\\framework\\src\\Illuminate\\Container\\Container.php(662): Illuminate\\Container\\BoundMethod::call(Object(Illuminate\\Foundation\\Application), Array, Array, NULL)
#24 D:\\HocTap\\Php-nc\\DA_Mon_Hoc\\Bookstore-master\\vendor\\laravel\\framework\\src\\Illuminate\\Console\\Command.php(211): Illuminate\\Container\\Container->call(Array)
#25 D:\\HocTap\\Php-nc\\DA_Mon_Hoc\\Bookstore-master\\vendor\\symfony\\console\\Command\\Command.php(326): Illuminate\\Console\\Command->execute(Object(Symfony\\Component\\Console\\Input\\ArgvInput), Object(Illuminate\\Console\\OutputStyle))
#26 D:\\HocTap\\Php-nc\\DA_Mon_Hoc\\Bookstore-master\\vendor\\laravel\\framework\\src\\Illuminate\\Console\\Command.php(180): Symfony\\Component\\Console\\Command\\Command->run(Object(Symfony\\Component\\Console\\Input\\ArgvInput), Object(Illuminate\\Console\\OutputStyle))
#27 D:\\HocTap\\Php-nc\\DA_Mon_Hoc\\Bookstore-master\\vendor\\symfony\\console\\Application.php(1081): Illuminate\\Console\\Command->run(Object(Symfony\\Component\\Console\\Input\\ArgvInput), Object(Symfony\\Component\\Console\\Output\\ConsoleOutput))
#28 D:\\HocTap\\Php-nc\\DA_Mon_Hoc\\Bookstore-master\\vendor\\symfony\\console\\Application.php(320): Symfony\\Component\\Console\\Application->doRunCommand(Object(Illuminate\\Database\\Console\\Seeds\\SeedCommand), Object(Symfony\\Component\\Console\\Input\\ArgvInput), Object(Symfony\\Component\\Console\\Output\\ConsoleOutput))
#29 D:\\HocTap\\Php-nc\\DA_Mon_Hoc\\Bookstore-master\\vendor\\symfony\\console\\Application.php(174): Symfony\\Component\\Console\\Application->doRun(Object(Symfony\\Component\\Console\\Input\\ArgvInput), Object(Symfony\\Component\\Console\\Output\\ConsoleOutput))
#30 D:\\HocTap\\Php-nc\\DA_Mon_Hoc\\Bookstore-master\\vendor\\laravel\\framework\\src\\Illuminate\\Foundation\\Console\\Kernel.php(201): Symfony\\Component\\Console\\Application->run(Object(Symfony\\Component\\Console\\Input\\ArgvInput), Object(Symfony\\Component\\Console\\Output\\ConsoleOutput))
#31 D:\\HocTap\\Php-nc\\DA_Mon_Hoc\\Bookstore-master\\artisan(35): Illuminate\\Foundation\\Console\\Kernel->handle(Object(Symfony\\Component\\Console\\Input\\ArgvInput), Object(Symfony\\Component\\Console\\Output\\ConsoleOutput))
#32 {main}
"} 
